<?xml version="1.0" encoding="UTF-8"?>
<!-- Generated by org.testng.reporters.JUnitReportReporter -->
<testsuite hostname="DESKTOP-0MDKGSP" failures="0" tests="4" name="test.AddCustomerTest" time="7.722" errors="0" timestamp="2022-08-13T22:53:41 CDT" skipped="0">
  <testcase classname="test.AddCustomerTest" name="loginTest4" time="2.356"/>
  <system-out/>
  <testcase classname="test.AddCustomerTest" name="loginTest2" time="1.367"/>
  <system-out/>
  <testcase classname="test.AddCustomerTest" name="loginTest1" time="3.987"/>
  <system-out/>
  <testcase classname="test.AddCustomerTest" name="loginTest3" time="0.012"/>
  <system-out/>
</testsuite> <!-- test.AddCustomerTest -->
